[22:41:02] [main/INFO] (FabricLoader/GameProvider) Loading Minecraft 1.21.3 with Fabric Loader 0.16.10
[22:41:03] [main/INFO] (FabricLoader) Loading 55 mods:
	- enchaments_normalizer 1.0
	- fabric-api 0.114.0+1.21.3
	- fabric-api-base 0.4.50+119c825640
	- fabric-api-lookup-api-v1 1.6.81+fd37071f40
	- fabric-biome-api-v1 14.0.7+add2a48640
	- fabric-block-api-v1 1.0.28+fd37071f40
	- fabric-block-view-api-v2 1.0.16+fd37071f40
	- fabric-blockrenderlayer-v1 2.0.4+fd37071f40
	- fabric-client-tags-api-v1 1.1.25+a730659c40
	- fabric-command-api-v1 1.2.58+f71b366f40
	- fabric-command-api-v2 2.2.37+c9d82ab240
	- fabric-commands-v0 0.2.75+df3654b340
	- fabric-content-registries-v0 9.1.8+fd37071f40
	- fabric-convention-tags-v1 2.1.4+7f945d5b40
	- fabric-convention-tags-v2 2.9.4+129f0c1f40
	- fabric-crash-report-info-v1 0.3.3+fd37071f40
	- fabric-data-attachment-api-v1 1.4.0+dbad41f140
	- fabric-data-generation-api-v1 21.1.2+a730659c40
	- fabric-dimensions-v1 4.0.7+fd37071f40
	- fabric-entity-events-v1 2.0.8+825023f840
	- fabric-events-interaction-v0 2.0.12+c2c3ac4740
	- fabric-game-rule-api-v1 1.0.59+fd37071f40
	- fabric-gametest-api-v1 2.0.15+fd37071f40
	- fabric-item-api-v1 11.1.7+fd37071f40
	- fabric-item-group-api-v1 4.1.17+fd37071f40
	- fabric-key-binding-api-v1 1.0.53+fd37071f40
	- fabric-keybindings-v0 0.2.51+df3654b340
	- fabric-lifecycle-events-v1 2.5.1+6da5ef6940
	- fabric-loot-api-v2 3.0.26+3f89f5a540
	- fabric-loot-api-v3 1.0.14+fd37071f40
	- fabric-message-api-v1 6.0.21+fd37071f40
	- fabric-model-loading-api-v1 3.0.9+fd37071f40
	- fabric-networking-api-v1 4.3.5+fd37071f40
	- fabric-object-builder-api-v1 17.0.9+fd37071f40
	- fabric-particles-v1 4.0.10+fd37071f40
	- fabric-recipe-api-v1 7.0.5+8ea69ff840
	- fabric-registry-sync-v0 5.4.1+3f3c499540
	- fabric-renderer-api-v1 4.0.5+fd37071f40
	- fabric-renderer-indigo 1.9.5+fd37071f40
	- fabric-rendering-data-attachment-v1 0.3.54+73761d2e40
	- fabric-rendering-fluids-v1 3.1.15+fd37071f40
	- fabric-rendering-v0 1.1.84+df3654b340
	- fabric-rendering-v1 8.0.8+6922831640
	- fabric-resource-conditions-api-v1 5.0.8+fd37071f40
	- fabric-resource-loader-v0 3.0.6+fd37071f40
	- fabric-screen-api-v1 2.0.34+fd37071f40
	- fabric-screen-handler-api-v1 1.3.103+fd37071f40
	- fabric-sound-api-v1 1.0.29+fd37071f40
	- fabric-tag-api-v1 1.0.0+a730659c40
	- fabric-transfer-api-v1 5.4.3+cb44d14340
	- fabric-transitive-access-wideners-v1 6.2.0+54a41b1c40
	- fabricloader 0.16.10
	- java 21
	- minecraft 1.21.3
	- mixinextras 0.4.1
[22:41:03] [main/INFO] (FabricLoader/Mixin) SpongePowered MIXIN Subsystem Version=0.8.7 Source=file:/C:/Users/Fanya/.gradle/caches/modules-2/files-2.1/net.fabricmc/sponge-mixin/0.15.4+mixin.0.8.7/6a12aacc794f1078458433116e9ed42c1cc98096/sponge-mixin-0.15.4+mixin.0.8.7.jar Service=Knot/Fabric Env=CLIENT
[22:41:03] [main/INFO] (FabricLoader/Mixin) Loaded Fabric development mappings for mixin remapper!
[22:41:03] [main/INFO] (FabricLoader/Mixin) Compatibility level set to JAVA_21
[22:41:05] [main/INFO] (FabricLoader/MixinExtras|Service) Initializing MixinExtras via com.llamalad7.mixinextras.service.MixinExtrasServiceImpl(version=0.4.1).
[22:41:07] [Datafixer Bootstrap/INFO] (Minecraft) 237 Datafixer optimizations took 663 milliseconds
[22:41:07] [main/WARN] (PerfmonDisabled) Invalid registry value type detected for PerfOS counters. Should be REG_DWORD. Ignoring: HKEY_LOCAL_MACHINE\SYSTEM\CurrentControlSet\Services\PerfOS\Performance\Disable Performance Counters.
[22:41:16] [Render thread/INFO] (Minecraft) Environment: Environment[sessionHost=https://sessionserver.mojang.com, servicesHost=https://api.minecraftservices.com, name=PROD]
[22:41:16] [Render thread/INFO] (Minecraft) Setting user: Player928
[22:41:16] [Render thread/INFO] (Minecraft) [STDOUT]: RomanLevelMod initialized!
[22:41:16] [Render thread/INFO] (Indigo) [Indigo] Registering Indigo renderer!
[22:41:17] [Render thread/INFO] (Minecraft) Backend library: LWJGL version 3.3.3-snapshot
[22:41:19] [Render thread/INFO] (Minecraft) Reloading ResourceManager: vanilla, fabric, fabric-api, fabric-api-base, fabric-api-lookup-api-v1, fabric-biome-api-v1, fabric-block-api-v1, fabric-block-view-api-v2, fabric-blockrenderlayer-v1, fabric-client-tags-api-v1, fabric-command-api-v1, fabric-command-api-v2, fabric-commands-v0, fabric-content-registries-v0, fabric-convention-tags-v1, fabric-convention-tags-v2, fabric-crash-report-info-v1, fabric-data-attachment-api-v1, fabric-data-generation-api-v1, fabric-dimensions-v1, fabric-entity-events-v1, fabric-events-interaction-v0, fabric-game-rule-api-v1, fabric-gametest-api-v1, fabric-item-api-v1, fabric-item-group-api-v1, fabric-key-binding-api-v1, fabric-keybindings-v0, fabric-lifecycle-events-v1, fabric-loot-api-v2, fabric-loot-api-v3, fabric-message-api-v1, fabric-model-loading-api-v1, fabric-networking-api-v1, fabric-object-builder-api-v1, fabric-particles-v1, fabric-recipe-api-v1, fabric-registry-sync-v0, fabric-renderer-api-v1, fabric-renderer-indigo, fabric-rendering-data-attachment-v1, fabric-rendering-fluids-v1, fabric-rendering-v0, fabric-rendering-v1, fabric-resource-conditions-api-v1, fabric-resource-loader-v0, fabric-screen-api-v1, fabric-screen-handler-api-v1, fabric-sound-api-v1, fabric-tag-api-v1, fabric-transfer-api-v1, fabric-transitive-access-wideners-v1, fabricloader
[22:41:20] [Worker-Main-12/INFO] (Minecraft) Found unifont_jp_patch-15.1.05.hex, loading
[22:41:20] [Worker-Main-14/INFO] (Minecraft) Found unifont_all_no_pua-15.1.05.hex, loading
[22:41:22] [Render thread/WARN] (Minecraft) Missing sound for event: minecraft:block.spawner.fall
[22:41:22] [Render thread/INFO] (Minecraft) OpenAL initialized on device OpenAL Soft on Динамики (fifine Headset)
[22:41:22] [Render thread/INFO] (Minecraft) Sound engine started
[22:41:22] [Render thread/INFO] (Minecraft) Created: 1024x512x4 minecraft:textures/atlas/blocks.png-atlas
[22:41:22] [Render thread/INFO] (Minecraft) Created: 256x256x4 minecraft:textures/atlas/signs.png-atlas
[22:41:22] [Render thread/INFO] (Minecraft) Created: 512x512x4 minecraft:textures/atlas/shield_patterns.png-atlas
[22:41:22] [Render thread/INFO] (Minecraft) Created: 512x512x4 minecraft:textures/atlas/banner_patterns.png-atlas
[22:41:22] [Render thread/INFO] (Minecraft) Created: 1024x1024x4 minecraft:textures/atlas/armor_trims.png-atlas
[22:41:22] [Render thread/INFO] (Minecraft) Created: 128x64x4 minecraft:textures/atlas/decorated_pot.png-atlas
[22:41:22] [Render thread/INFO] (Minecraft) Created: 256x256x4 minecraft:textures/atlas/chest.png-atlas
[22:41:22] [Render thread/INFO] (Minecraft) Created: 512x256x4 minecraft:textures/atlas/shulker_boxes.png-atlas
[22:41:22] [Render thread/INFO] (Minecraft) Created: 512x256x4 minecraft:textures/atlas/beds.png-atlas
[22:41:22] [Render thread/INFO] (Minecraft) Created: 64x64x0 minecraft:textures/atlas/map_decorations.png-atlas
[22:41:22] [Render thread/INFO] (Minecraft) Created: 512x256x0 minecraft:textures/atlas/particles.png-atlas
[22:41:22] [Render thread/INFO] (Minecraft) Created: 512x256x0 minecraft:textures/atlas/paintings.png-atlas
[22:41:22] [Render thread/INFO] (Minecraft) Created: 256x128x0 minecraft:textures/atlas/mob_effects.png-atlas
[22:41:22] [Render thread/INFO] (Minecraft) Created: 1024x512x0 minecraft:textures/atlas/gui.png-atlas
[22:41:44] [Render thread/INFO] (Minecraft) Loaded 1337 recipes
[22:41:44] [Render thread/INFO] (Minecraft) Loaded 1448 advancements
[22:41:45] [Render thread/INFO] (BiomeModificationImpl) Applied 0 biome modifications to 0 of 64 new biomes in 2.736 ms
[22:41:45] [Server thread/INFO] (Minecraft) Starting integrated minecraft server version 1.21.3
[22:41:45] [Server thread/INFO] (Minecraft) Generating keypair
[22:41:45] [Server thread/INFO] (Minecraft) Preparing start region for dimension minecraft:overworld
[22:41:47] [Render thread/INFO] (Minecraft) Preparing spawn area: 0%
[22:41:47] [Render thread/INFO] (Minecraft) Preparing spawn area: 0%
[22:41:47] [Render thread/INFO] (Minecraft) Preparing spawn area: 0%
[22:41:47] [Render thread/INFO] (Minecraft) Time elapsed: 1555 ms
[22:41:47] [Server thread/INFO] (Minecraft) Changing view distance to 12, from 10
[22:41:47] [Server thread/INFO] (Minecraft) Changing simulation distance to 12, from 0
[22:41:48] [Server thread/INFO] (Minecraft) Player928[local:E:4c64d4e4] logged in with entity id 65 at (5.5, 63.0, -6.5)
[22:41:48] [Server thread/INFO] (Minecraft) Player928 joined the game
[22:41:49] [Render thread/INFO] (Minecraft) Loaded 2 advancements
[22:41:49] [Render thread/WARN] (Minecraft) Received passengers for unknown entity
[22:42:33] [Render thread/INFO] (Minecraft) Stopping!
[22:42:33] [Server thread/INFO] (Minecraft) Player928 lost connection: Disconnected
[22:42:33] [Server thread/INFO] (Minecraft) Player928 left the game
[22:42:33] [Server thread/INFO] (Minecraft) Stopping singleplayer server as player logged out
[22:42:33] [Server thread/INFO] (Minecraft) Stopping server
[22:42:33] [Server thread/INFO] (Minecraft) Saving players
[22:42:33] [Server thread/INFO] (Minecraft) Saving worlds
[22:42:34] [Server thread/INFO] (Minecraft) Saving chunks for level 'ServerLevel[New World]'/minecraft:overworld
[22:42:34] [Server thread/INFO] (Minecraft) Saving chunks for level 'ServerLevel[New World]'/minecraft:the_end
[22:42:34] [Server thread/INFO] (Minecraft) Saving chunks for level 'ServerLevel[New World]'/minecraft:the_nether
[22:42:34] [Server thread/INFO] (Minecraft) ThreadedAnvilChunkStorage (New World): All chunks are saved
[22:42:34] [Server thread/INFO] (Minecraft) ThreadedAnvilChunkStorage (DIM1): All chunks are saved
[22:42:34] [Server thread/INFO] (Minecraft) ThreadedAnvilChunkStorage (DIM-1): All chunks are saved
[22:42:34] [Server thread/INFO] (Minecraft) ThreadedAnvilChunkStorage: All dimensions are saved
